<?xml version="1.0" encoding="UTF-8"?>
<!-- Generated by org.testng.reporters.JUnitReportReporter -->
<testsuite skipped="0" hostname="DESKTOP-6B9LPTN" name="com.vtiger.testscript.CreateFilterWith2columns" tests="1" failures="0" timestamp="04 Mar 2020 11:36:36 GMT" time="17.498" errors="0">
  <testcase name="Create" time="17.498" classname="com.vtiger.testscript.CreateFilterWith2columns"/>
</testsuite> <!-- com.vtiger.testscript.CreateFilterWith2columns -->
