<?xml version="1.0" encoding="UTF-8"?>
<!-- Generated by org.testng.reporters.JUnitReportReporter -->
<testsuite skipped="0" hostname="DESKTOP-6B9LPTN" name="com.vtiger.testscript.CreateFilterWithSetAsPublic" tests="1" failures="0" timestamp="04 Mar 2020 11:52:06 GMT" time="19.285" errors="0">
  <testcase name="create" time="19.285" classname="com.vtiger.testscript.CreateFilterWithSetAsPublic"/>
</testsuite> <!-- com.vtiger.testscript.CreateFilterWithSetAsPublic -->
