<?xml version="1.0" encoding="UTF-8"?>
<!-- Generated by org.testng.reporters.JUnitReportReporter -->
<testsuite skipped="0" hostname="DESKTOP-6B9LPTN" name="com.vtiger.testscript.CreateFileWith2ColumnSelection" tests="1" failures="0" timestamp="04 Mar 2020 11:20:09 GMT" time="20.602" errors="0">
  <testcase name="create" time="20.602" classname="com.vtiger.testscript.CreateFileWith2ColumnSelection"/>
</testsuite> <!-- com.vtiger.testscript.CreateFileWith2ColumnSelection -->
