<?xml version="1.0" encoding="UTF-8"?>
<!-- Generated by org.testng.reporters.JUnitReportReporter -->
<testsuite skipped="0" hostname="DESKTOP-6B9LPTN" name="com.vtiger.testscript.CreateFilterWithDefault" tests="1" failures="0" timestamp="04 Mar 2020 11:43:26 GMT" time="18.152" errors="0">
  <testcase name="create" time="18.152" classname="com.vtiger.testscript.CreateFilterWithDefault"/>
</testsuite> <!-- com.vtiger.testscript.CreateFilterWithDefault -->
