<?xml version="1.0" encoding="UTF-8"?>
<!-- Generated by org.testng.reporters.JUnitReportReporter -->
<testsuite skipped="0" hostname="DESKTOP-6B9LPTN" name="testng.TestngPractice" tests="11" failures="0" timestamp="12 Mar 2020 12:46:47 GMT" time="0.034" errors="0">
  <testcase name="modifyUser" time="0.001" classname="testng.TestngPractice"/>
  <testcase name="modifyUser" time="0.001" classname="testng.TestngPractice"/>
  <testcase name="modifyUser" time="0.016" classname="testng.TestngPractice"/>
  <testcase name="modifyUser" time="0.001" classname="testng.TestngPractice"/>
  <testcase name="modifyUser" time="0.001" classname="testng.TestngPractice"/>
  <testcase name="modifyUser" time="0.001" classname="testng.TestngPractice"/>
  <testcase name="modifyUser" time="0.001" classname="testng.TestngPractice"/>
  <testcase name="modifyUser" time="0.005" classname="testng.TestngPractice"/>
  <testcase name="modifyUser" time="0.001" classname="testng.TestngPractice"/>
  <testcase name="modifyUser" time="0.004" classname="testng.TestngPractice"/>
  <testcase name="createUser" time="0.002" classname="testng.TestngPractice"/>
</testsuite> <!-- testng.TestngPractice -->
