<?xml version="1.0" encoding="UTF-8"?>
<!-- Generated by org.testng.reporters.JUnitReportReporter -->
<testsuite skipped="0" hostname="DESKTOP-6B9LPTN" name="com.vtiger.testscript.CreateFilter" tests="1" failures="0" timestamp="05 Mar 2020 09:09:58 GMT" time="18.942" errors="0">
  <testcase name="createFilter" time="18.942" classname="com.vtiger.testscript.CreateFilter"/>
</testsuite> <!-- com.vtiger.testscript.CreateFilter -->
