<?xml version="1.0" encoding="UTF-8"?>
<!-- Generated by org.testng.reporters.JUnitReportReporter -->
<testsuite skipped="0" hostname="DESKTOP-6B9LPTN" name="com.vtiger.testscript.CreateFilterWithoutViewName" tests="1" failures="0" timestamp="04 Mar 2020 12:12:09 GMT" time="25.657" errors="0">
  <testcase name="Create" time="25.657" classname="com.vtiger.testscript.CreateFilterWithoutViewName"/>
</testsuite> <!-- com.vtiger.testscript.CreateFilterWithoutViewName -->
