<?xml version="1.0" encoding="UTF-8"?>
<!-- Generated by org.testng.reporters.JUnitReportReporter -->
<testsuite skipped="0" hostname="DESKTOP-6B9LPTN" name="com.vtiger.testscript.CreateFilterWithStartDate" tests="1" failures="0" timestamp="04 Mar 2020 12:07:47 GMT" time="24.152" errors="0">
  <testcase name="create" time="24.152" classname="com.vtiger.testscript.CreateFilterWithStartDate"/>
</testsuite> <!-- com.vtiger.testscript.CreateFilterWithStartDate -->
