<?xml version="1.0" encoding="UTF-8"?>
<!-- Generated by org.testng.reporters.JUnitReportReporter -->
<testsuite skipped="0" hostname="DESKTOP-6B9LPTN" name="com.vtiger.testscript.CreateFilterWithAdvFilter" tests="1" failures="0" timestamp="04 Mar 2020 12:29:20 GMT" time="26.226" errors="0">
  <testcase name="create" time="26.226" classname="com.vtiger.testscript.CreateFilterWithAdvFilter"/>
</testsuite> <!-- com.vtiger.testscript.CreateFilterWithAdvFilter -->
