<?xml version="1.0" encoding="UTF-8"?>
<!-- Generated by org.testng.reporters.JUnitReportReporter -->
<testsuite skipped="0" hostname="DESKTOP-6B9LPTN" name="com.vtiger.testscript.CreateFilterWithEndDate" tests="1" failures="0" timestamp="04 Mar 2020 11:54:55 GMT" time="19.671" errors="0">
  <testcase name="create" time="19.671" classname="com.vtiger.testscript.CreateFilterWithEndDate"/>
</testsuite> <!-- com.vtiger.testscript.CreateFilterWithEndDate -->
